Info: Starting: Create block symbol file (.bsf)
Info: ip-generate --project-directory=E:/Semester_06/CO503_Advanced_Embedded_Systems/Practicals/Practical_3_MPSoC_Design/MPSoC2/MPSoC/ --output-directory=E:/Semester_06/CO503_Advanced_Embedded_Systems/Practicals/Practical_3_MPSoC_Design/MPSoC2/MPSoC/MPSoC/ --report-file=bsf:E:/Semester_06/CO503_Advanced_Embedded_Systems/Practicals/Practical_3_MPSoC_Design/MPSoC2/MPSoC/MPSoC.bsf --system-info=DEVICE_FAMILY="Cyclone IV E" --system-info=DEVICE=EP4CE115F29C7 --system-info=DEVICE_SPEEDGRADE=7 --component-file=E:/Semester_06/CO503_Advanced_Embedded_Systems/Practicals/Practical_3_MPSoC_Design/MPSoC2/MPSoC/MPSoC.qsys
Progress: Loading MPSoC/MPSoC.qsys
Progress: Reading input file
Progress: Adding clk [clock_source 12.1]
Progress: Parameterizing module clk
Progress: Adding cpu0 [altera_nios2_qsys 12.1]
Progress: Parameterizing module cpu0
Progress: Adding cpu1 [altera_nios2_qsys 12.1]
Progress: Parameterizing module cpu1
Progress: Adding timer0 [altera_avalon_timer 12.1]
Progress: Parameterizing module timer0
Progress: Adding timer1 [altera_avalon_timer 12.1]
Progress: Parameterizing module timer1
Progress: Adding jtag_uart0 [altera_avalon_jtag_uart 12.1]
Progress: Parameterizing module jtag_uart0
Progress: Adding jtag_uart1 [altera_avalon_jtag_uart 12.1]
Progress: Parameterizing module jtag_uart1
Progress: Adding onchip_mem0 [altera_avalon_onchip_memory2 12.1]
Progress: Parameterizing module onchip_mem0
Progress: Adding onchip_mem1 [altera_avalon_onchip_memory2 12.1]
Progress: Parameterizing module onchip_mem1
Progress: Adding onchip_memdata0 [altera_avalon_onchip_memory2 12.1]
Progress: Parameterizing module onchip_memdata0
Progress: Adding sysid [altera_avalon_sysid_qsys 12.1]
Progress: Parameterizing module sysid
Progress: Adding onchip_memdata1 [altera_avalon_onchip_memory2 12.1]
Progress: Parameterizing module onchip_memdata1
Progress: Adding onchip_sharedmem [altera_avalon_onchip_memory2 12.1]
Progress: Parameterizing module onchip_sharedmem
Progress: Adding fifo_0 [altera_avalon_fifo 12.1]
Progress: Parameterizing module fifo_0
Progress: Building connections
Progress: Parameterizing connections
Progress: Validating
Progress: Done reading input file
Info: MPSoC.onchip_mem0: Memory will be initialized from onchip_mem0.hex
Info: MPSoC.onchip_mem1: Memory will be initialized from onchip_mem1.hex
Info: MPSoC.onchip_memdata0: Memory will be initialized from onchip_memdata0.hex
Info: MPSoC.sysid: System ID is not assigned automatically. Edit the System ID parameter to provide a unique ID
Info: MPSoC.sysid: Time stamp will be automatically updated when this component is generated.
Info: MPSoC.onchip_memdata1: Memory will be initialized from onchip_memdata1.hex
Info: MPSoC.onchip_sharedmem: Memory will be initialized from onchip_sharedmem.hex
Info: ip-generate succeeded.
Info: Finished: Create block symbol file (.bsf)
Info: 
Info: Starting: Create HDL design files for synthesis
Info: ip-generate --project-directory=E:/Semester_06/CO503_Advanced_Embedded_Systems/Practicals/Practical_3_MPSoC_Design/MPSoC2/MPSoC/ --output-directory=E:/Semester_06/CO503_Advanced_Embedded_Systems/Practicals/Practical_3_MPSoC_Design/MPSoC2/MPSoC/MPSoC/synthesis/ --file-set=QUARTUS_SYNTH --report-file=sopcinfo:E:/Semester_06/CO503_Advanced_Embedded_Systems/Practicals/Practical_3_MPSoC_Design/MPSoC2/MPSoC/MPSoC.sopcinfo --report-file=html:E:/Semester_06/CO503_Advanced_Embedded_Systems/Practicals/Practical_3_MPSoC_Design/MPSoC2/MPSoC/MPSoC.html --report-file=qip:E:/Semester_06/CO503_Advanced_Embedded_Systems/Practicals/Practical_3_MPSoC_Design/MPSoC2/MPSoC/MPSoC/synthesis/MPSoC.qip --report-file=cmp:E:/Semester_06/CO503_Advanced_Embedded_Systems/Practicals/Practical_3_MPSoC_Design/MPSoC2/MPSoC/MPSoC.cmp --system-info=DEVICE_FAMILY="Cyclone IV E" --system-info=DEVICE=EP4CE115F29C7 --system-info=DEVICE_SPEEDGRADE=7 --component-file=E:/Semester_06/CO503_Advanced_Embedded_Systems/Practicals/Practical_3_MPSoC_Design/MPSoC2/MPSoC/MPSoC.qsys
Progress: Loading MPSoC/MPSoC.qsys
Progress: Reading input file
Progress: Adding clk [clock_source 12.1]
Progress: Parameterizing module clk
Progress: Adding cpu0 [altera_nios2_qsys 12.1]
Progress: Parameterizing module cpu0
Progress: Adding cpu1 [altera_nios2_qsys 12.1]
Progress: Parameterizing module cpu1
Progress: Adding timer0 [altera_avalon_timer 12.1]
Progress: Parameterizing module timer0
Progress: Adding timer1 [altera_avalon_timer 12.1]
Progress: Parameterizing module timer1
Progress: Adding jtag_uart0 [altera_avalon_jtag_uart 12.1]
Progress: Parameterizing module jtag_uart0
Progress: Adding jtag_uart1 [altera_avalon_jtag_uart 12.1]
Progress: Parameterizing module jtag_uart1
Progress: Adding onchip_mem0 [altera_avalon_onchip_memory2 12.1]
Progress: Parameterizing module onchip_mem0
Progress: Adding onchip_mem1 [altera_avalon_onchip_memory2 12.1]
Progress: Parameterizing module onchip_mem1
Progress: Adding onchip_memdata0 [altera_avalon_onchip_memory2 12.1]
Progress: Parameterizing module onchip_memdata0
Progress: Adding sysid [altera_avalon_sysid_qsys 12.1]
Progress: Parameterizing module sysid
Progress: Adding onchip_memdata1 [altera_avalon_onchip_memory2 12.1]
Progress: Parameterizing module onchip_memdata1
Progress: Adding onchip_sharedmem [altera_avalon_onchip_memory2 12.1]
Progress: Parameterizing module onchip_sharedmem
Progress: Adding fifo_0 [altera_avalon_fifo 12.1]
Progress: Parameterizing module fifo_0
Progress: Building connections
Progress: Parameterizing connections
Progress: Validating
Progress: Done reading input file
Info: MPSoC.onchip_mem0: Memory will be initialized from onchip_mem0.hex
Info: MPSoC.onchip_mem1: Memory will be initialized from onchip_mem1.hex
Info: MPSoC.onchip_memdata0: Memory will be initialized from onchip_memdata0.hex
Info: MPSoC.sysid: System ID is not assigned automatically. Edit the System ID parameter to provide a unique ID
Info: MPSoC.sysid: Time stamp will be automatically updated when this component is generated.
Info: MPSoC.onchip_memdata1: Memory will be initialized from onchip_memdata1.hex
Info: MPSoC.onchip_sharedmem: Memory will be initialized from onchip_sharedmem.hex
Info: MPSoC: Generating MPSoC "MPSoC" for QUARTUS_SYNTH
Info: pipeline_bridge_swap_transform: After transform: 14 modules, 74 connections
Info: No custom instruction connections, skipping transform 
Info: merlin_translator_transform: After transform: 33 modules, 145 connections
Info: merlin_domain_transform: After transform: 68 modules, 363 connections
Info: merlin_router_transform: After transform: 87 modules, 434 connections
Info: merlin_traffic_limiter_transform: After transform: 89 modules, 443 connections
Info: reset_adaptation_transform: After transform: 93 modules, 374 connections
Info: merlin_network_to_switch_transform: After transform: 130 modules, 472 connections
Info: limiter_update_transform: After transform: 130 modules, 474 connections
Info: merlin_interrupt_mapper_transform: After transform: 132 modules, 480 connections
Info: merlin_interrupt_fanout_transform: After transform: 133 modules, 483 connections
Info: cpu0: Starting RTL generation for module 'MPSoC_cpu0'
Info: cpu0:   Generation command is [exec C:/altera/12.1/quartus/../ip/altera/nios2_ip/altera_nios2/eperl.exe -I C:/altera/12.1/quartus/common/ip/altera/common/perl/5.8.3 -I C:/altera/12.1/quartus/sopc_builder/bin/europa -I C:/altera/12.1/quartus/sopc_builder/bin/perl_lib -I C:/altera/12.1/quartus/sopc_builder/bin -I C:/altera/12.1/quartus/../ip/altera/nios2_ip/altera_nios2/cpu_lib -I C:/altera/12.1/quartus/../ip/altera/nios2_ip/altera_nios2/nios_lib -I C:/altera/12.1/quartus/../ip/altera/nios2_ip/altera_nios2 -I C:/altera/12.1/quartus/../ip/altera/nios2_ip/altera_nios2 -- C:/altera/12.1/quartus/../ip/altera/nios2_ip/altera_nios2/generate_rtl.epl --name=MPSoC_cpu0 --dir=C:/Users/sandun/AppData/Local/Temp/alt9083_7897901811131693489.dir/0001_cpu0_gen/ --quartus_dir=C:/altera/12.1/quartus --verilog --config=C:/Users/sandun/AppData/Local/Temp/alt9083_7897901811131693489.dir/0001_cpu0_gen//MPSoC_cpu0_processor_configuration.pl  --do_build_sim=0    --bogus  ]
Info: cpu0: # 2022.04.01 14:23:15 (*) Starting Nios II generation
Info: cpu0: # 2022.04.01 14:23:15 (*)   Checking for plaintext license.
Info: cpu0: # 2022.04.01 14:23:16 (*)   Plaintext license not found.
Info: cpu0: # 2022.04.01 14:23:16 (*)   Checking for encrypted license (non-evaluation).
Info: cpu0: # 2022.04.01 14:23:17 (*)   Encrypted license found.  SOF will not be time-limited.
Info: cpu0: # 2022.04.01 14:23:17 (*)   Elaborating CPU configuration settings
Info: cpu0: # 2022.04.01 14:23:17 (*)   Creating all objects for CPU
Info: cpu0: # 2022.04.01 14:23:17 (*)     Pipeline frontend
Info: cpu0: # 2022.04.01 14:23:18 (*)   Generating RTL from CPU objects
Info: cpu0: # 2022.04.01 14:23:20 (*)   Creating encrypted RTL
Info: cpu0: # 2022.04.01 14:23:21 (*) Done Nios II generation
Info: cpu0: Done RTL generation for module 'MPSoC_cpu0'
Info: cpu0: "MPSoC" instantiated altera_nios2_qsys "cpu0"
Info: cpu1: Starting RTL generation for module 'MPSoC_cpu1'
Info: cpu1:   Generation command is [exec C:/altera/12.1/quartus/../ip/altera/nios2_ip/altera_nios2/eperl.exe -I C:/altera/12.1/quartus/common/ip/altera/common/perl/5.8.3 -I C:/altera/12.1/quartus/sopc_builder/bin/europa -I C:/altera/12.1/quartus/sopc_builder/bin/perl_lib -I C:/altera/12.1/quartus/sopc_builder/bin -I C:/altera/12.1/quartus/../ip/altera/nios2_ip/altera_nios2/cpu_lib -I C:/altera/12.1/quartus/../ip/altera/nios2_ip/altera_nios2/nios_lib -I C:/altera/12.1/quartus/../ip/altera/nios2_ip/altera_nios2 -I C:/altera/12.1/quartus/../ip/altera/nios2_ip/altera_nios2 -- C:/altera/12.1/quartus/../ip/altera/nios2_ip/altera_nios2/generate_rtl.epl --name=MPSoC_cpu1 --dir=C:/Users/sandun/AppData/Local/Temp/alt9083_7897901811131693489.dir/0002_cpu1_gen/ --quartus_dir=C:/altera/12.1/quartus --verilog --config=C:/Users/sandun/AppData/Local/Temp/alt9083_7897901811131693489.dir/0002_cpu1_gen//MPSoC_cpu1_processor_configuration.pl  --do_build_sim=0    --bogus  ]
Info: cpu1: # 2022.04.01 14:23:21 (*) Starting Nios II generation
Info: cpu1: # 2022.04.01 14:23:21 (*)   Checking for plaintext license.
Info: cpu1: # 2022.04.01 14:23:22 (*)   Plaintext license not found.
Info: cpu1: # 2022.04.01 14:23:22 (*)   Checking for encrypted license (non-evaluation).
Info: cpu1: # 2022.04.01 14:23:22 (*)   Encrypted license found.  SOF will not be time-limited.
Info: cpu1: # 2022.04.01 14:23:22 (*)   Elaborating CPU configuration settings
Info: cpu1: # 2022.04.01 14:23:22 (*)   Creating all objects for CPU
Info: cpu1: # 2022.04.01 14:23:23 (*)     Pipeline frontend
Info: cpu1: # 2022.04.01 14:23:24 (*)   Generating RTL from CPU objects
Info: cpu1: # 2022.04.01 14:23:26 (*)   Creating encrypted RTL
Info: cpu1: # 2022.04.01 14:23:26 (*) Done Nios II generation
Info: cpu1: Done RTL generation for module 'MPSoC_cpu1'
Info: cpu1: "MPSoC" instantiated altera_nios2_qsys "cpu1"
Info: Starting classic module elaboration.
      1 [main] sh 16520 find_fast_cwd: WARNING: Couldn't compute FAST_CWD pointer.  Please report this problem to
the public mailing list cygwin@cygwin.com
Qt: Untested Windows version 6.2 detected!
"c:/altera/12.1/quartus/bin/jre/bin/java.exe" -Xmx512M -classpath "c:/altera/12.1/quartus/sopc_builder/bin/sopc_builder.jar;c:/altera/12.1/quartus/sopc_builder/bin/PinAssigner.jar;c:/altera/12.1/quartus/sopc_builder/bin/sopc_wizard.jar;c:/altera/12.1/quartus/sopc_builder/bin/jptf.jar" sopc_builder.sopc_builder  -d"c:/altera/12.1/quartus/sopc_builder" -notalkback=1 -projectnameyysystem.qpf -projectpathC:/Users/sandun/AppData/Local/Temp/alt9083_7897901811131693489.dir/0003_sopclgen  --no_splash --refresh C:/Users/sandun/AppData/Local/Temp/alt9083_7897901811131693489.dir/0003_sopclgen/yysystem.v --quartus_dir="c:/altera/12.1/quartus" --sopc_perl="c:/altera/12.1/quartus/bin/perl" --sopc_lib_path="++c:/altera/12.1/quartus/../ip/altera/sopc_builder_ip+c:/altera/12.1/quartus/../ip/altera/nios2_ip"
Info: Finished elaborating classic module.
Executing: C:/altera/12.1/quartus//sopc_builder/bin/sopc_builder --classic --generate C:/Users/sandun/AppData/Local/Temp/alt9083_7897901811131693489.dir/0003_sopclgen/yysystem.ptf
Info: Running sopc_builder...
      1 [main] sh 3288 find_fast_cwd: WARNING: Couldn't compute FAST_CWD pointer.  Please report this problem to
the public mailing list cygwin@cygwin.com
Qt: Untested Windows version 6.2 detected!
"c:/altera/12.1/quartus/bin/jre/bin/java.exe" -Xmx512M -classpath "c:/altera/12.1/quartus/sopc_builder/bin/sopc_builder.jar;c:/altera/12.1/quartus/sopc_builder/bin/PinAssigner.jar;c:/altera/12.1/quartus/sopc_builder/bin/sopc_wizard.jar;c:/altera/12.1/quartus/sopc_builder/bin/jptf.jar" sopc_builder.sopc_builder  -d"c:/altera/12.1/quartus/sopc_builder" -notalkback=1 -projectnameyysystem.qpf -projectpathC:/Users/sandun/AppData/Local/Temp/alt9083_7897901811131693489.dir/0003_sopclgen  --generate C:/Users/sandun/AppData/Local/Temp/alt9083_7897901811131693489.dir/0003_sopclgen/yysystem.v --quartus_dir="c:/altera/12.1/quartus" --sopc_perl="c:/altera/12.1/quartus/bin/perl" --sopc_lib_path="++c:/altera/12.1/quartus/../ip/altera/sopc_builder_ip+c:/altera/12.1/quartus/../ip/altera/nios2_ip"
No .sopc_builder configuration file(!)
.
# 2022.04.01 14:23:33 (*) Success: sopc_builder finished.
Info: timer0: "MPSoC" instantiated altera_avalon_timer "timer0"
Info: Starting classic module elaboration.
      1 [main] sh 4204 find_fast_cwd: WARNING: Couldn't compute FAST_CWD pointer.  Please report this problem to
the public mailing list cygwin@cygwin.com
Qt: Untested Windows version 6.2 detected!
"c:/altera/12.1/quartus/bin/jre/bin/java.exe" -Xmx512M -classpath "c:/altera/12.1/quartus/sopc_builder/bin/sopc_builder.jar;c:/altera/12.1/quartus/sopc_builder/bin/PinAssigner.jar;c:/altera/12.1/quartus/sopc_builder/bin/sopc_wizard.jar;c:/altera/12.1/quartus/sopc_builder/bin/jptf.jar" sopc_builder.sopc_builder  -d"c:/altera/12.1/quartus/sopc_builder" -notalkback=1 -projectnameyysystem.qpf -projectpathC:/Users/sandun/AppData/Local/Temp/alt9083_7897901811131693489.dir/0004_sopclgen  --no_splash --refresh C:/Users/sandun/AppData/Local/Temp/alt9083_7897901811131693489.dir/0004_sopclgen/yysystem.v --quartus_dir="c:/altera/12.1/quartus" --sopc_perl="c:/altera/12.1/quartus/bin/perl" --sopc_lib_path="++c:/altera/12.1/quartus/../ip/altera/sopc_builder_ip+c:/altera/12.1/quartus/../ip/altera/nios2_ip"
Info: Finished elaborating classic module.
Executing: C:/altera/12.1/quartus//sopc_builder/bin/sopc_builder --classic --generate C:/Users/sandun/AppData/Local/Temp/alt9083_7897901811131693489.dir/0004_sopclgen/yysystem.ptf
Info: Running sopc_builder...
      1 [main] sh 15216 find_fast_cwd: WARNING: Couldn't compute FAST_CWD pointer.  Please report this problem to
the public mailing list cygwin@cygwin.com
Qt: Untested Windows version 6.2 detected!
"c:/altera/12.1/quartus/bin/jre/bin/java.exe" -Xmx512M -classpath "c:/altera/12.1/quartus/sopc_builder/bin/sopc_builder.jar;c:/altera/12.1/quartus/sopc_builder/bin/PinAssigner.jar;c:/altera/12.1/quartus/sopc_builder/bin/sopc_wizard.jar;c:/altera/12.1/quartus/sopc_builder/bin/jptf.jar" sopc_builder.sopc_builder  -d"c:/altera/12.1/quartus/sopc_builder" -notalkback=1 -projectnameyysystem.qpf -projectpathC:/Users/sandun/AppData/Local/Temp/alt9083_7897901811131693489.dir/0004_sopclgen  --generate C:/Users/sandun/AppData/Local/Temp/alt9083_7897901811131693489.dir/0004_sopclgen/yysystem.v --quartus_dir="c:/altera/12.1/quartus" --sopc_perl="c:/altera/12.1/quartus/bin/perl" --sopc_lib_path="++c:/altera/12.1/quartus/../ip/altera/sopc_builder_ip+c:/altera/12.1/quartus/../ip/altera/nios2_ip"
No .sopc_builder configuration file(!)
.
# 2022.04.01 14:23:38 (*) Success: sopc_builder finished.
Info: jtag_uart0: "MPSoC" instantiated altera_avalon_jtag_uart "jtag_uart0"
Info: Starting classic module elaboration.
      1 [main] sh 5664 find_fast_cwd: WARNING: Couldn't compute FAST_CWD pointer.  Please report this problem to
the public mailing list cygwin@cygwin.com
Qt: Untested Windows version 6.2 detected!
"c:/altera/12.1/quartus/bin/jre/bin/java.exe" -Xmx512M -classpath "c:/altera/12.1/quartus/sopc_builder/bin/sopc_builder.jar;c:/altera/12.1/quartus/sopc_builder/bin/PinAssigner.jar;c:/altera/12.1/quartus/sopc_builder/bin/sopc_wizard.jar;c:/altera/12.1/quartus/sopc_builder/bin/jptf.jar" sopc_builder.sopc_builder  -d"c:/altera/12.1/quartus/sopc_builder" -notalkback=1 -projectnameyysystem.qpf -projectpathC:/Users/sandun/AppData/Local/Temp/alt9083_7897901811131693489.dir/0005_sopclgen  --no_splash --refresh C:/Users/sandun/AppData/Local/Temp/alt9083_7897901811131693489.dir/0005_sopclgen/yysystem.v --quartus_dir="c:/altera/12.1/quartus" --sopc_perl="c:/altera/12.1/quartus/bin/perl" --sopc_lib_path="++c:/altera/12.1/quartus/../ip/altera/sopc_builder_ip+c:/altera/12.1/quartus/../ip/altera/nios2_ip"
Info: Finished elaborating classic module.
Executing: C:/altera/12.1/quartus//sopc_builder/bin/sopc_builder --classic --generate C:/Users/sandun/AppData/Local/Temp/alt9083_7897901811131693489.dir/0005_sopclgen/yysystem.ptf
Info: Running sopc_builder...
      1 [main] sh 13396 find_fast_cwd: WARNING: Couldn't compute FAST_CWD pointer.  Please report this problem to
the public mailing list cygwin@cygwin.com
Qt: Untested Windows version 6.2 detected!
"c:/altera/12.1/quartus/bin/jre/bin/java.exe" -Xmx512M -classpath "c:/altera/12.1/quartus/sopc_builder/bin/sopc_builder.jar;c:/altera/12.1/quartus/sopc_builder/bin/PinAssigner.jar;c:/altera/12.1/quartus/sopc_builder/bin/sopc_wizard.jar;c:/altera/12.1/quartus/sopc_builder/bin/jptf.jar" sopc_builder.sopc_builder  -d"c:/altera/12.1/quartus/sopc_builder" -notalkback=1 -projectnameyysystem.qpf -projectpathC:/Users/sandun/AppData/Local/Temp/alt9083_7897901811131693489.dir/0005_sopclgen  --generate C:/Users/sandun/AppData/Local/Temp/alt9083_7897901811131693489.dir/0005_sopclgen/yysystem.v --quartus_dir="c:/altera/12.1/quartus" --sopc_perl="c:/altera/12.1/quartus/bin/perl" --sopc_lib_path="++c:/altera/12.1/quartus/../ip/altera/sopc_builder_ip+c:/altera/12.1/quartus/../ip/altera/nios2_ip"
No .sopc_builder configuration file(!)
.
# 2022.04.01 14:23:44 (*) Success: sopc_builder finished.
Info: onchip_mem0: "MPSoC" instantiated altera_avalon_onchip_memory2 "onchip_mem0"
Info: Starting classic module elaboration.
      1 [main] sh 17548 find_fast_cwd: WARNING: Couldn't compute FAST_CWD pointer.  Please report this problem to
the public mailing list cygwin@cygwin.com
Qt: Untested Windows version 6.2 detected!
"c:/altera/12.1/quartus/bin/jre/bin/java.exe" -Xmx512M -classpath "c:/altera/12.1/quartus/sopc_builder/bin/sopc_builder.jar;c:/altera/12.1/quartus/sopc_builder/bin/PinAssigner.jar;c:/altera/12.1/quartus/sopc_builder/bin/sopc_wizard.jar;c:/altera/12.1/quartus/sopc_builder/bin/jptf.jar" sopc_builder.sopc_builder  -d"c:/altera/12.1/quartus/sopc_builder" -notalkback=1 -projectnameyysystem.qpf -projectpathC:/Users/sandun/AppData/Local/Temp/alt9083_7897901811131693489.dir/0006_sopclgen  --no_splash --refresh C:/Users/sandun/AppData/Local/Temp/alt9083_7897901811131693489.dir/0006_sopclgen/yysystem.v --quartus_dir="c:/altera/12.1/quartus" --sopc_perl="c:/altera/12.1/quartus/bin/perl" --sopc_lib_path="++c:/altera/12.1/quartus/../ip/altera/sopc_builder_ip+c:/altera/12.1/quartus/../ip/altera/nios2_ip"
Info: Finished elaborating classic module.
Executing: C:/altera/12.1/quartus//sopc_builder/bin/sopc_builder --classic --generate C:/Users/sandun/AppData/Local/Temp/alt9083_7897901811131693489.dir/0006_sopclgen/yysystem.ptf
Info: Running sopc_builder...
      1 [main] sh 2680 find_fast_cwd: WARNING: Couldn't compute FAST_CWD pointer.  Please report this problem to
the public mailing list cygwin@cygwin.com
Qt: Untested Windows version 6.2 detected!
"c:/altera/12.1/quartus/bin/jre/bin/java.exe" -Xmx512M -classpath "c:/altera/12.1/quartus/sopc_builder/bin/sopc_builder.jar;c:/altera/12.1/quartus/sopc_builder/bin/PinAssigner.jar;c:/altera/12.1/quartus/sopc_builder/bin/sopc_wizard.jar;c:/altera/12.1/quartus/sopc_builder/bin/jptf.jar" sopc_builder.sopc_builder  -d"c:/altera/12.1/quartus/sopc_builder" -notalkback=1 -projectnameyysystem.qpf -projectpathC:/Users/sandun/AppData/Local/Temp/alt9083_7897901811131693489.dir/0006_sopclgen  --generate C:/Users/sandun/AppData/Local/Temp/alt9083_7897901811131693489.dir/0006_sopclgen/yysystem.v --quartus_dir="c:/altera/12.1/quartus" --sopc_perl="c:/altera/12.1/quartus/bin/perl" --sopc_lib_path="++c:/altera/12.1/quartus/../ip/altera/sopc_builder_ip+c:/altera/12.1/quartus/../ip/altera/nios2_ip"
No .sopc_builder configuration file(!)
.
# 2022.04.01 14:23:50 (*) Success: sopc_builder finished.
Info: onchip_mem1: "MPSoC" instantiated altera_avalon_onchip_memory2 "onchip_mem1"
Info: Starting classic module elaboration.
      1 [main] sh 1584 find_fast_cwd: WARNING: Couldn't compute FAST_CWD pointer.  Please report this problem to
the public mailing list cygwin@cygwin.com
Qt: Untested Windows version 6.2 detected!
"c:/altera/12.1/quartus/bin/jre/bin/java.exe" -Xmx512M -classpath "c:/altera/12.1/quartus/sopc_builder/bin/sopc_builder.jar;c:/altera/12.1/quartus/sopc_builder/bin/PinAssigner.jar;c:/altera/12.1/quartus/sopc_builder/bin/sopc_wizard.jar;c:/altera/12.1/quartus/sopc_builder/bin/jptf.jar" sopc_builder.sopc_builder  -d"c:/altera/12.1/quartus/sopc_builder" -notalkback=1 -projectnameyysystem.qpf -projectpathC:/Users/sandun/AppData/Local/Temp/alt9083_7897901811131693489.dir/0007_sopclgen  --no_splash --refresh C:/Users/sandun/AppData/Local/Temp/alt9083_7897901811131693489.dir/0007_sopclgen/yysystem.v --quartus_dir="c:/altera/12.1/quartus" --sopc_perl="c:/altera/12.1/quartus/bin/perl" --sopc_lib_path="++c:/altera/12.1/quartus/../ip/altera/sopc_builder_ip+c:/altera/12.1/quartus/../ip/altera/nios2_ip"
Info: Finished elaborating classic module.
Executing: C:/altera/12.1/quartus//sopc_builder/bin/sopc_builder --classic --generate C:/Users/sandun/AppData/Local/Temp/alt9083_7897901811131693489.dir/0007_sopclgen/yysystem.ptf
Info: Running sopc_builder...
      1 [main] sh 11824 find_fast_cwd: WARNING: Couldn't compute FAST_CWD pointer.  Please report this problem to
the public mailing list cygwin@cygwin.com
Qt: Untested Windows version 6.2 detected!
"c:/altera/12.1/quartus/bin/jre/bin/java.exe" -Xmx512M -classpath "c:/altera/12.1/quartus/sopc_builder/bin/sopc_builder.jar;c:/altera/12.1/quartus/sopc_builder/bin/PinAssigner.jar;c:/altera/12.1/quartus/sopc_builder/bin/sopc_wizard.jar;c:/altera/12.1/quartus/sopc_builder/bin/jptf.jar" sopc_builder.sopc_builder  -d"c:/altera/12.1/quartus/sopc_builder" -notalkback=1 -projectnameyysystem.qpf -projectpathC:/Users/sandun/AppData/Local/Temp/alt9083_7897901811131693489.dir/0007_sopclgen  --generate C:/Users/sandun/AppData/Local/Temp/alt9083_7897901811131693489.dir/0007_sopclgen/yysystem.v --quartus_dir="c:/altera/12.1/quartus" --sopc_perl="c:/altera/12.1/quartus/bin/perl" --sopc_lib_path="++c:/altera/12.1/quartus/../ip/altera/sopc_builder_ip+c:/altera/12.1/quartus/../ip/altera/nios2_ip"
No .sopc_builder configuration file(!)
.
# 2022.04.01 14:23:55 (*) Success: sopc_builder finished.
Info: onchip_memdata0: "MPSoC" instantiated altera_avalon_onchip_memory2 "onchip_memdata0"
Info: sysid: "MPSoC" instantiated altera_avalon_sysid_qsys "sysid"
Info: Starting classic module elaboration.
      1 [main] sh 10676 find_fast_cwd: WARNING: Couldn't compute FAST_CWD pointer.  Please report this problem to
the public mailing list cygwin@cygwin.com
Qt: Untested Windows version 6.2 detected!
"c:/altera/12.1/quartus/bin/jre/bin/java.exe" -Xmx512M -classpath "c:/altera/12.1/quartus/sopc_builder/bin/sopc_builder.jar;c:/altera/12.1/quartus/sopc_builder/bin/PinAssigner.jar;c:/altera/12.1/quartus/sopc_builder/bin/sopc_wizard.jar;c:/altera/12.1/quartus/sopc_builder/bin/jptf.jar" sopc_builder.sopc_builder  -d"c:/altera/12.1/quartus/sopc_builder" -notalkback=1 -projectnameyysystem.qpf -projectpathC:/Users/sandun/AppData/Local/Temp/alt9083_7897901811131693489.dir/0009_sopclgen  --no_splash --refresh C:/Users/sandun/AppData/Local/Temp/alt9083_7897901811131693489.dir/0009_sopclgen/yysystem.v --quartus_dir="c:/altera/12.1/quartus" --sopc_perl="c:/altera/12.1/quartus/bin/perl" --sopc_lib_path="++c:/altera/12.1/quartus/../ip/altera/sopc_builder_ip+c:/altera/12.1/quartus/../ip/altera/nios2_ip"
Info: Finished elaborating classic module.
Executing: C:/altera/12.1/quartus//sopc_builder/bin/sopc_builder --classic --generate C:/Users/sandun/AppData/Local/Temp/alt9083_7897901811131693489.dir/0009_sopclgen/yysystem.ptf
Info: Running sopc_builder...
      1 [main] sh 12564 find_fast_cwd: WARNING: Couldn't compute FAST_CWD pointer.  Please report this problem to
the public mailing list cygwin@cygwin.com
Qt: Untested Windows version 6.2 detected!
"c:/altera/12.1/quartus/bin/jre/bin/java.exe" -Xmx512M -classpath "c:/altera/12.1/quartus/sopc_builder/bin/sopc_builder.jar;c:/altera/12.1/quartus/sopc_builder/bin/PinAssigner.jar;c:/altera/12.1/quartus/sopc_builder/bin/sopc_wizard.jar;c:/altera/12.1/quartus/sopc_builder/bin/jptf.jar" sopc_builder.sopc_builder  -d"c:/altera/12.1/quartus/sopc_builder" -notalkback=1 -projectnameyysystem.qpf -projectpathC:/Users/sandun/AppData/Local/Temp/alt9083_7897901811131693489.dir/0009_sopclgen  --generate C:/Users/sandun/AppData/Local/Temp/alt9083_7897901811131693489.dir/0009_sopclgen/yysystem.v --quartus_dir="c:/altera/12.1/quartus" --sopc_perl="c:/altera/12.1/quartus/bin/perl" --sopc_lib_path="++c:/altera/12.1/quartus/../ip/altera/sopc_builder_ip+c:/altera/12.1/quartus/../ip/altera/nios2_ip"
No .sopc_builder configuration file(!)
.
# 2022.04.01 14:24:01 (*) Success: sopc_builder finished.
Info: onchip_memdata1: "MPSoC" instantiated altera_avalon_onchip_memory2 "onchip_memdata1"
Info: Starting classic module elaboration.
      1 [main] sh 1584 find_fast_cwd: WARNING: Couldn't compute FAST_CWD pointer.  Please report this problem to
the public mailing list cygwin@cygwin.com
Qt: Untested Windows version 6.2 detected!
"c:/altera/12.1/quartus/bin/jre/bin/java.exe" -Xmx512M -classpath "c:/altera/12.1/quartus/sopc_builder/bin/sopc_builder.jar;c:/altera/12.1/quartus/sopc_builder/bin/PinAssigner.jar;c:/altera/12.1/quartus/sopc_builder/bin/sopc_wizard.jar;c:/altera/12.1/quartus/sopc_builder/bin/jptf.jar" sopc_builder.sopc_builder  -d"c:/altera/12.1/quartus/sopc_builder" -notalkback=1 -projectnameyysystem.qpf -projectpathC:/Users/sandun/AppData/Local/Temp/alt9083_7897901811131693489.dir/0010_sopclgen  --no_splash --refresh C:/Users/sandun/AppData/Local/Temp/alt9083_7897901811131693489.dir/0010_sopclgen/yysystem.v --quartus_dir="c:/altera/12.1/quartus" --sopc_perl="c:/altera/12.1/quartus/bin/perl" --sopc_lib_path="++c:/altera/12.1/quartus/../ip/altera/sopc_builder_ip+c:/altera/12.1/quartus/../ip/altera/nios2_ip"
Info: Finished elaborating classic module.
Executing: C:/altera/12.1/quartus//sopc_builder/bin/sopc_builder --classic --generate C:/Users/sandun/AppData/Local/Temp/alt9083_7897901811131693489.dir/0010_sopclgen/yysystem.ptf
Info: Running sopc_builder...
      1 [main] sh 13744 find_fast_cwd: WARNING: Couldn't compute FAST_CWD pointer.  Please report this problem to
the public mailing list cygwin@cygwin.com
Qt: Untested Windows version 6.2 detected!
"c:/altera/12.1/quartus/bin/jre/bin/java.exe" -Xmx512M -classpath "c:/altera/12.1/quartus/sopc_builder/bin/sopc_builder.jar;c:/altera/12.1/quartus/sopc_builder/bin/PinAssigner.jar;c:/altera/12.1/quartus/sopc_builder/bin/sopc_wizard.jar;c:/altera/12.1/quartus/sopc_builder/bin/jptf.jar" sopc_builder.sopc_builder  -d"c:/altera/12.1/quartus/sopc_builder" -notalkback=1 -projectnameyysystem.qpf -projectpathC:/Users/sandun/AppData/Local/Temp/alt9083_7897901811131693489.dir/0010_sopclgen  --generate C:/Users/sandun/AppData/Local/Temp/alt9083_7897901811131693489.dir/0010_sopclgen/yysystem.v --quartus_dir="c:/altera/12.1/quartus" --sopc_perl="c:/altera/12.1/quartus/bin/perl" --sopc_lib_path="++c:/altera/12.1/quartus/../ip/altera/sopc_builder_ip+c:/altera/12.1/quartus/../ip/altera/nios2_ip"
No .sopc_builder configuration file(!)
.
# 2022.04.01 14:24:06 (*) Success: sopc_builder finished.
Info: onchip_sharedmem: "MPSoC" instantiated altera_avalon_onchip_memory2 "onchip_sharedmem"
Info: Starting classic module elaboration.
      1 [main] sh 17868 find_fast_cwd: WARNING: Couldn't compute FAST_CWD pointer.  Please report this problem to
the public mailing list cygwin@cygwin.com
Qt: Untested Windows version 6.2 detected!
"c:/altera/12.1/quartus/bin/jre/bin/java.exe" -Xmx512M -classpath "c:/altera/12.1/quartus/sopc_builder/bin/sopc_builder.jar;c:/altera/12.1/quartus/sopc_builder/bin/PinAssigner.jar;c:/altera/12.1/quartus/sopc_builder/bin/sopc_wizard.jar;c:/altera/12.1/quartus/sopc_builder/bin/jptf.jar" sopc_builder.sopc_builder  -d"c:/altera/12.1/quartus/sopc_builder" -notalkback=1 -projectnameyysystem.qpf -projectpathC:/Users/sandun/AppData/Local/Temp/alt9083_7897901811131693489.dir/0011_sopclgen  --no_splash --refresh C:/Users/sandun/AppData/Local/Temp/alt9083_7897901811131693489.dir/0011_sopclgen/yysystem.v --quartus_dir="c:/altera/12.1/quartus" --sopc_perl="c:/altera/12.1/quartus/bin/perl" --sopc_lib_path="++c:/altera/12.1/quartus/../ip/altera/sopc_builder_ip+c:/altera/12.1/quartus/../ip/altera/nios2_ip"
Info: Finished elaborating classic module.
Executing: C:/altera/12.1/quartus//sopc_builder/bin/sopc_builder --classic --generate C:/Users/sandun/AppData/Local/Temp/alt9083_7897901811131693489.dir/0011_sopclgen/yysystem.ptf
Info: Running sopc_builder...
      1 [main] sh 16512 find_fast_cwd: WARNING: Couldn't compute FAST_CWD pointer.  Please report this problem to
the public mailing list cygwin@cygwin.com
Qt: Untested Windows version 6.2 detected!
"c:/altera/12.1/quartus/bin/jre/bin/java.exe" -Xmx512M -classpath "c:/altera/12.1/quartus/sopc_builder/bin/sopc_builder.jar;c:/altera/12.1/quartus/sopc_builder/bin/PinAssigner.jar;c:/altera/12.1/quartus/sopc_builder/bin/sopc_wizard.jar;c:/altera/12.1/quartus/sopc_builder/bin/jptf.jar" sopc_builder.sopc_builder  -d"c:/altera/12.1/quartus/sopc_builder" -notalkback=1 -projectnameyysystem.qpf -projectpathC:/Users/sandun/AppData/Local/Temp/alt9083_7897901811131693489.dir/0011_sopclgen  --generate C:/Users/sandun/AppData/Local/Temp/alt9083_7897901811131693489.dir/0011_sopclgen/yysystem.v --quartus_dir="c:/altera/12.1/quartus" --sopc_perl="c:/altera/12.1/quartus/bin/perl" --sopc_lib_path="++c:/altera/12.1/quartus/../ip/altera/sopc_builder_ip+c:/altera/12.1/quartus/../ip/altera/nios2_ip"
No .sopc_builder configuration file(!)
.
# 2022.04.01 14:24:12 (*) Success: sopc_builder finished.
Info: fifo_0: "MPSoC" instantiated altera_avalon_fifo "fifo_0"
Info: cpu1_instruction_master_translator: "MPSoC" instantiated altera_merlin_master_translator "cpu1_instruction_master_translator"
Info: cpu1_jtag_debug_module_translator: "MPSoC" instantiated altera_merlin_slave_translator "cpu1_jtag_debug_module_translator"
Info: cpu1_instruction_master_translator_avalon_universal_master_0_agent: "MPSoC" instantiated altera_merlin_master_agent "cpu1_instruction_master_translator_avalon_universal_master_0_agent"
Info: cpu1_jtag_debug_module_translator_avalon_universal_slave_0_agent: "MPSoC" instantiated altera_merlin_slave_agent "cpu1_jtag_debug_module_translator_avalon_universal_slave_0_agent"
Info: cpu1_jtag_debug_module_translator_avalon_universal_slave_0_agent_rsp_fifo: "MPSoC" instantiated altera_avalon_sc_fifo "cpu1_jtag_debug_module_translator_avalon_universal_slave_0_agent_rsp_fifo"
Info: addr_router: "MPSoC" instantiated altera_merlin_router "addr_router"
Info: addr_router_001: "MPSoC" instantiated altera_merlin_router "addr_router_001"
Info: addr_router_002: "MPSoC" instantiated altera_merlin_router "addr_router_002"
Info: addr_router_003: "MPSoC" instantiated altera_merlin_router "addr_router_003"
Info: id_router: "MPSoC" instantiated altera_merlin_router "id_router"
Info: id_router_003: "MPSoC" instantiated altera_merlin_router "id_router_003"
Info: id_router_006: "MPSoC" instantiated altera_merlin_router "id_router_006"
Info: id_router_007: "MPSoC" instantiated altera_merlin_router "id_router_007"
Info: id_router_009: "MPSoC" instantiated altera_merlin_router "id_router_009"
Info: id_router_013: "MPSoC" instantiated altera_merlin_router "id_router_013"
Info: limiter: "MPSoC" instantiated altera_merlin_traffic_limiter "limiter"
Info: rst_controller: "MPSoC" instantiated altera_reset_controller "rst_controller"
Info: cmd_xbar_demux: "MPSoC" instantiated altera_merlin_demultiplexer "cmd_xbar_demux"
Info: cmd_xbar_demux_001: "MPSoC" instantiated altera_merlin_demultiplexer "cmd_xbar_demux_001"
Info: cmd_xbar_mux: "MPSoC" instantiated altera_merlin_multiplexer "cmd_xbar_mux"
Info: cmd_xbar_mux_003: "MPSoC" instantiated altera_merlin_multiplexer "cmd_xbar_mux_003"
Info: Reusing file E:/Semester_06/CO503_Advanced_Embedded_Systems/Practicals/Practical_3_MPSoC_Design/MPSoC2/MPSoC/MPSoC/synthesis/submodules/altera_merlin_arbitrator.sv
Info: rsp_xbar_demux: "MPSoC" instantiated altera_merlin_demultiplexer "rsp_xbar_demux"
Info: rsp_xbar_demux_003: "MPSoC" instantiated altera_merlin_demultiplexer "rsp_xbar_demux_003"
Info: rsp_xbar_demux_007: "MPSoC" instantiated altera_merlin_demultiplexer "rsp_xbar_demux_007"
Info: rsp_xbar_mux: "MPSoC" instantiated altera_merlin_multiplexer "rsp_xbar_mux"
Info: Reusing file E:/Semester_06/CO503_Advanced_Embedded_Systems/Practicals/Practical_3_MPSoC_Design/MPSoC2/MPSoC/MPSoC/synthesis/submodules/altera_merlin_arbitrator.sv
Info: rsp_xbar_mux_001: "MPSoC" instantiated altera_merlin_multiplexer "rsp_xbar_mux_001"
Info: Reusing file E:/Semester_06/CO503_Advanced_Embedded_Systems/Practicals/Practical_3_MPSoC_Design/MPSoC2/MPSoC/MPSoC/synthesis/submodules/altera_merlin_arbitrator.sv
Info: irq_mapper: "MPSoC" instantiated altera_irq_mapper "irq_mapper"
Info: MPSoC: Done MPSoC" with 39 modules, 198 files, 4852962 bytes
Info: ip-generate succeeded.
Info: Finished: Create HDL design files for synthesis
