Info: Starting: Create block symbol file (.bsf)
Info: ip-generate --project-directory=E:/Semester_06/CO503_Advanced_Embedded_Systems/Practicals/Practical_3_MPSoC_Design/MPSoC/ --output-directory=E:/Semester_06/CO503_Advanced_Embedded_Systems/Practicals/Practical_3_MPSoC_Design/MPSoC/MPSoC/ --report-file=bsf:E:/Semester_06/CO503_Advanced_Embedded_Systems/Practicals/Practical_3_MPSoC_Design/MPSoC/MPSoC.bsf --system-info=DEVICE_FAMILY="Cyclone IV E" --system-info=DEVICE=EP4CE115F29C7 --system-info=DEVICE_SPEEDGRADE=7 --component-file=E:/Semester_06/CO503_Advanced_Embedded_Systems/Practicals/Practical_3_MPSoC_Design/MPSoC/MPSoC.qsys
Progress: Loading MPSoC/MPSoC.qsys
Progress: Reading input file
Progress: Adding clk [clock_source 12.1]
Progress: Parameterizing module clk
Progress: Adding cpu0 [altera_nios2_qsys 12.1]
Progress: Parameterizing module cpu0
Progress: Adding cpu1 [altera_nios2_qsys 12.1]
Progress: Parameterizing module cpu1
Progress: Adding timer0 [altera_avalon_timer 12.1]
Progress: Parameterizing module timer0
Progress: Adding timer1 [altera_avalon_timer 12.1]
Progress: Parameterizing module timer1
Progress: Adding jtag_uart0 [altera_avalon_jtag_uart 12.1]
Progress: Parameterizing module jtag_uart0
Progress: Adding jtag_uart1 [altera_avalon_jtag_uart 12.1]
Progress: Parameterizing module jtag_uart1
Progress: Adding onchip_mem0 [altera_avalon_onchip_memory2 12.1]
Progress: Parameterizing module onchip_mem0
Progress: Adding onchip_mem1 [altera_avalon_onchip_memory2 12.1]
Progress: Parameterizing module onchip_mem1
Progress: Adding onchip_memdata0 [altera_avalon_onchip_memory2 12.1]
Progress: Parameterizing module onchip_memdata0
Progress: Adding sysid [altera_avalon_sysid_qsys 12.1]
Progress: Parameterizing module sysid
Progress: Adding onchip_memdata1 [altera_avalon_onchip_memory2 12.1]
Progress: Parameterizing module onchip_memdata1
Progress: Adding onchip_sharedmem [altera_avalon_onchip_memory2 12.1]
Progress: Parameterizing module onchip_sharedmem
Progress: Building connections
Progress: Parameterizing connections
Progress: Validating
Progress: Done reading input file
Info: MPSoC.onchip_mem0: Memory will be initialized from onchip_mem0.hex
Info: MPSoC.onchip_mem1: Memory will be initialized from onchip_mem1.hex
Info: MPSoC.onchip_memdata0: Memory will be initialized from onchip_memdata0.hex
Info: MPSoC.sysid: System ID is not assigned automatically. Edit the System ID parameter to provide a unique ID
Info: MPSoC.sysid: Time stamp will be automatically updated when this component is generated.
Info: MPSoC.onchip_memdata1: Memory will be initialized from onchip_memdata1.hex
Info: MPSoC.onchip_sharedmem: Memory will be initialized from onchip_sharedmem.hex
Warning: MPSoC.timer0: Interrupt sender timer0.irq is not connected to an interrupt receiver
Warning: MPSoC.timer1: Interrupt sender timer1.irq is not connected to an interrupt receiver
Warning: MPSoC.jtag_uart0: Interrupt sender jtag_uart0.irq is not connected to an interrupt receiver
Warning: MPSoC.jtag_uart1: Interrupt sender jtag_uart1.irq is not connected to an interrupt receiver
Info: ip-generate succeeded.
Info: Finished: Create block symbol file (.bsf)
Info: 
Info: Starting: Create HDL design files for synthesis
Info: ip-generate --project-directory=E:/Semester_06/CO503_Advanced_Embedded_Systems/Practicals/Practical_3_MPSoC_Design/MPSoC/ --output-directory=E:/Semester_06/CO503_Advanced_Embedded_Systems/Practicals/Practical_3_MPSoC_Design/MPSoC/MPSoC/synthesis/ --file-set=QUARTUS_SYNTH --report-file=sopcinfo:E:/Semester_06/CO503_Advanced_Embedded_Systems/Practicals/Practical_3_MPSoC_Design/MPSoC/MPSoC.sopcinfo --report-file=html:E:/Semester_06/CO503_Advanced_Embedded_Systems/Practicals/Practical_3_MPSoC_Design/MPSoC/MPSoC.html --report-file=qip:E:/Semester_06/CO503_Advanced_Embedded_Systems/Practicals/Practical_3_MPSoC_Design/MPSoC/MPSoC/synthesis/MPSoC.qip --report-file=cmp:E:/Semester_06/CO503_Advanced_Embedded_Systems/Practicals/Practical_3_MPSoC_Design/MPSoC/MPSoC.cmp --system-info=DEVICE_FAMILY="Cyclone IV E" --system-info=DEVICE=EP4CE115F29C7 --system-info=DEVICE_SPEEDGRADE=7 --component-file=E:/Semester_06/CO503_Advanced_Embedded_Systems/Practicals/Practical_3_MPSoC_Design/MPSoC/MPSoC.qsys
Progress: Loading MPSoC/MPSoC.qsys
Progress: Reading input file
Progress: Adding clk [clock_source 12.1]
Progress: Parameterizing module clk
Progress: Adding cpu0 [altera_nios2_qsys 12.1]
Progress: Parameterizing module cpu0
Progress: Adding cpu1 [altera_nios2_qsys 12.1]
Progress: Parameterizing module cpu1
Progress: Adding timer0 [altera_avalon_timer 12.1]
Progress: Parameterizing module timer0
Progress: Adding timer1 [altera_avalon_timer 12.1]
Progress: Parameterizing module timer1
Progress: Adding jtag_uart0 [altera_avalon_jtag_uart 12.1]
Progress: Parameterizing module jtag_uart0
Progress: Adding jtag_uart1 [altera_avalon_jtag_uart 12.1]
Progress: Parameterizing module jtag_uart1
Progress: Adding onchip_mem0 [altera_avalon_onchip_memory2 12.1]
Progress: Parameterizing module onchip_mem0
Progress: Adding onchip_mem1 [altera_avalon_onchip_memory2 12.1]
Progress: Parameterizing module onchip_mem1
Progress: Adding onchip_memdata0 [altera_avalon_onchip_memory2 12.1]
Progress: Parameterizing module onchip_memdata0
Progress: Adding sysid [altera_avalon_sysid_qsys 12.1]
Progress: Parameterizing module sysid
Progress: Adding onchip_memdata1 [altera_avalon_onchip_memory2 12.1]
Progress: Parameterizing module onchip_memdata1
Progress: Adding onchip_sharedmem [altera_avalon_onchip_memory2 12.1]
Progress: Parameterizing module onchip_sharedmem
Progress: Building connections
Progress: Parameterizing connections
Progress: Validating
Progress: Done reading input file
Info: MPSoC.onchip_mem0: Memory will be initialized from onchip_mem0.hex
Info: MPSoC.onchip_mem1: Memory will be initialized from onchip_mem1.hex
Info: MPSoC.onchip_memdata0: Memory will be initialized from onchip_memdata0.hex
Info: MPSoC.sysid: System ID is not assigned automatically. Edit the System ID parameter to provide a unique ID
Info: MPSoC.sysid: Time stamp will be automatically updated when this component is generated.
Info: MPSoC.onchip_memdata1: Memory will be initialized from onchip_memdata1.hex
Info: MPSoC.onchip_sharedmem: Memory will be initialized from onchip_sharedmem.hex
Warning: MPSoC.timer0: Interrupt sender timer0.irq is not connected to an interrupt receiver
Warning: MPSoC.timer1: Interrupt sender timer1.irq is not connected to an interrupt receiver
Warning: MPSoC.jtag_uart0: Interrupt sender jtag_uart0.irq is not connected to an interrupt receiver
Warning: MPSoC.jtag_uart1: Interrupt sender jtag_uart1.irq is not connected to an interrupt receiver
Info: MPSoC: Generating MPSoC "MPSoC" for QUARTUS_SYNTH
Info: pipeline_bridge_swap_transform: After transform: 13 modules, 58 connections
Info: No custom instruction connections, skipping transform 
Info: merlin_translator_transform: After transform: 29 modules, 120 connections
Info: merlin_domain_transform: After transform: 58 modules, 310 connections
Info: merlin_router_transform: After transform: 74 modules, 372 connections
Info: merlin_traffic_limiter_transform: After transform: 76 modules, 381 connections
Info: reset_adaptation_transform: After transform: 80 modules, 312 connections
Info: merlin_network_to_switch_transform: After transform: 111 modules, 388 connections
Info: limiter_update_transform: After transform: 111 modules, 390 connections
Info: merlin_interrupt_mapper_transform: After transform: 113 modules, 396 connections
Info: cpu0: Starting RTL generation for module 'MPSoC_cpu0'
Info: cpu0:   Generation command is [exec C:/altera/12.1/quartus/../ip/altera/nios2_ip/altera_nios2/eperl.exe -I C:/altera/12.1/quartus/common/ip/altera/common/perl/5.8.3 -I C:/altera/12.1/quartus/sopc_builder/bin/europa -I C:/altera/12.1/quartus/sopc_builder/bin/perl_lib -I C:/altera/12.1/quartus/sopc_builder/bin -I C:/altera/12.1/quartus/../ip/altera/nios2_ip/altera_nios2/cpu_lib -I C:/altera/12.1/quartus/../ip/altera/nios2_ip/altera_nios2/nios_lib -I C:/altera/12.1/quartus/../ip/altera/nios2_ip/altera_nios2 -I C:/altera/12.1/quartus/../ip/altera/nios2_ip/altera_nios2 -- C:/altera/12.1/quartus/../ip/altera/nios2_ip/altera_nios2/generate_rtl.epl --name=MPSoC_cpu0 --dir=C:/Users/sandun/AppData/Local/Temp/alt9082_3496773502869938340.dir/0001_cpu0_gen/ --quartus_dir=C:/altera/12.1/quartus --verilog --config=C:/Users/sandun/AppData/Local/Temp/alt9082_3496773502869938340.dir/0001_cpu0_gen//MPSoC_cpu0_processor_configuration.pl  --do_build_sim=0    --bogus  ]
Info: cpu0: # 2022.04.01 01:09:01 (*) Starting Nios II generation
Info: cpu0: # 2022.04.01 01:09:01 (*)   Checking for plaintext license.
Info: cpu0: # 2022.04.01 01:09:06 (*)   Plaintext license not found.
Info: cpu0: # 2022.04.01 01:09:06 (*)   Checking for encrypted license (non-evaluation).
Info: cpu0: # 2022.04.01 01:09:09 (*)   Encrypted license found.  SOF will not be time-limited.
Info: cpu0: # 2022.04.01 01:09:09 (*)   Elaborating CPU configuration settings
Info: cpu0: # 2022.04.01 01:09:09 (*)   Creating all objects for CPU
Info: cpu0: # 2022.04.01 01:09:11 (*)     Pipeline frontend
Info: cpu0: # 2022.04.01 01:09:13 (*)   Generating RTL from CPU objects
Info: cpu0: # 2022.04.01 01:09:18 (*)   Creating encrypted RTL
Info: cpu0: # 2022.04.01 01:09:20 (*) Done Nios II generation
Info: cpu0: Done RTL generation for module 'MPSoC_cpu0'
Info: cpu0: "MPSoC" instantiated altera_nios2_qsys "cpu0"
Info: cpu1: Starting RTL generation for module 'MPSoC_cpu1'
Info: cpu1:   Generation command is [exec C:/altera/12.1/quartus/../ip/altera/nios2_ip/altera_nios2/eperl.exe -I C:/altera/12.1/quartus/common/ip/altera/common/perl/5.8.3 -I C:/altera/12.1/quartus/sopc_builder/bin/europa -I C:/altera/12.1/quartus/sopc_builder/bin/perl_lib -I C:/altera/12.1/quartus/sopc_builder/bin -I C:/altera/12.1/quartus/../ip/altera/nios2_ip/altera_nios2/cpu_lib -I C:/altera/12.1/quartus/../ip/altera/nios2_ip/altera_nios2/nios_lib -I C:/altera/12.1/quartus/../ip/altera/nios2_ip/altera_nios2 -I C:/altera/12.1/quartus/../ip/altera/nios2_ip/altera_nios2 -- C:/altera/12.1/quartus/../ip/altera/nios2_ip/altera_nios2/generate_rtl.epl --name=MPSoC_cpu1 --dir=C:/Users/sandun/AppData/Local/Temp/alt9082_3496773502869938340.dir/0002_cpu1_gen/ --quartus_dir=C:/altera/12.1/quartus --verilog --config=C:/Users/sandun/AppData/Local/Temp/alt9082_3496773502869938340.dir/0002_cpu1_gen//MPSoC_cpu1_processor_configuration.pl  --do_build_sim=0    --bogus  ]
Info: cpu1: # 2022.04.01 01:09:21 (*) Starting Nios II generation
Info: cpu1: # 2022.04.01 01:09:21 (*)   Checking for plaintext license.
Info: cpu1: # 2022.04.01 01:09:23 (*)   Plaintext license not found.
Info: cpu1: # 2022.04.01 01:09:23 (*)   Checking for encrypted license (non-evaluation).
Info: cpu1: # 2022.04.01 01:09:26 (*)   Encrypted license found.  SOF will not be time-limited.
Info: cpu1: # 2022.04.01 01:09:26 (*)   Elaborating CPU configuration settings
Info: cpu1: # 2022.04.01 01:09:26 (*)   Creating all objects for CPU
Info: cpu1: # 2022.04.01 01:09:28 (*)     Pipeline frontend
Info: cpu1: # 2022.04.01 01:09:30 (*)   Generating RTL from CPU objects
Info: cpu1: # 2022.04.01 01:09:34 (*)   Creating encrypted RTL
Info: cpu1: # 2022.04.01 01:09:35 (*) Done Nios II generation
Info: cpu1: Done RTL generation for module 'MPSoC_cpu1'
Info: cpu1: "MPSoC" instantiated altera_nios2_qsys "cpu1"
Info: Starting classic module elaboration.
      2 [main] sh 17964 find_fast_cwd: WARNING: Couldn't compute FAST_CWD pointer.  Please report this problem to
the public mailing list cygwin@cygwin.com
Qt: Untested Windows version 6.2 detected!
"c:/altera/12.1/quartus/bin/jre/bin/java.exe" -Xmx512M -classpath "c:/altera/12.1/quartus/sopc_builder/bin/sopc_builder.jar;c:/altera/12.1/quartus/sopc_builder/bin/PinAssigner.jar;c:/altera/12.1/quartus/sopc_builder/bin/sopc_wizard.jar;c:/altera/12.1/quartus/sopc_builder/bin/jptf.jar" sopc_builder.sopc_builder  -d"c:/altera/12.1/quartus/sopc_builder" -notalkback=1 -projectnameyysystem.qpf -projectpathC:/Users/sandun/AppData/Local/Temp/alt9082_3496773502869938340.dir/0003_sopclgen  --no_splash --refresh C:/Users/sandun/AppData/Local/Temp/alt9082_3496773502869938340.dir/0003_sopclgen/yysystem.v --quartus_dir="c:/altera/12.1/quartus" --sopc_perl="c:/altera/12.1/quartus/bin/perl" --sopc_lib_path="++c:/altera/12.1/quartus/../ip/altera/sopc_builder_ip+c:/altera/12.1/quartus/../ip/altera/nios2_ip"
Info: Finished elaborating classic module.
Executing: C:/altera/12.1/quartus//sopc_builder/bin/sopc_builder --classic --generate C:/Users/sandun/AppData/Local/Temp/alt9082_3496773502869938340.dir/0003_sopclgen/yysystem.ptf
Info: Running sopc_builder...
      5 [main] sh 12940 find_fast_cwd: WARNING: Couldn't compute FAST_CWD pointer.  Please report this problem to
the public mailing list cygwin@cygwin.com
Qt: Untested Windows version 6.2 detected!
"c:/altera/12.1/quartus/bin/jre/bin/java.exe" -Xmx512M -classpath "c:/altera/12.1/quartus/sopc_builder/bin/sopc_builder.jar;c:/altera/12.1/quartus/sopc_builder/bin/PinAssigner.jar;c:/altera/12.1/quartus/sopc_builder/bin/sopc_wizard.jar;c:/altera/12.1/quartus/sopc_builder/bin/jptf.jar" sopc_builder.sopc_builder  -d"c:/altera/12.1/quartus/sopc_builder" -notalkback=1 -projectnameyysystem.qpf -projectpathC:/Users/sandun/AppData/Local/Temp/alt9082_3496773502869938340.dir/0003_sopclgen  --generate C:/Users/sandun/AppData/Local/Temp/alt9082_3496773502869938340.dir/0003_sopclgen/yysystem.v --quartus_dir="c:/altera/12.1/quartus" --sopc_perl="c:/altera/12.1/quartus/bin/perl" --sopc_lib_path="++c:/altera/12.1/quartus/../ip/altera/sopc_builder_ip+c:/altera/12.1/quartus/../ip/altera/nios2_ip"
No .sopc_builder configuration file(!)
.
# 2022.04.01 01:09:52 (*) Success: sopc_builder finished.
Info: timer0: "MPSoC" instantiated altera_avalon_timer "timer0"
Info: Starting classic module elaboration.
      3 [main] sh 6560 find_fast_cwd: WARNING: Couldn't compute FAST_CWD pointer.  Please report this problem to
the public mailing list cygwin@cygwin.com
Qt: Untested Windows version 6.2 detected!
"c:/altera/12.1/quartus/bin/jre/bin/java.exe" -Xmx512M -classpath "c:/altera/12.1/quartus/sopc_builder/bin/sopc_builder.jar;c:/altera/12.1/quartus/sopc_builder/bin/PinAssigner.jar;c:/altera/12.1/quartus/sopc_builder/bin/sopc_wizard.jar;c:/altera/12.1/quartus/sopc_builder/bin/jptf.jar" sopc_builder.sopc_builder  -d"c:/altera/12.1/quartus/sopc_builder" -notalkback=1 -projectnameyysystem.qpf -projectpathC:/Users/sandun/AppData/Local/Temp/alt9082_3496773502869938340.dir/0004_sopclgen  --no_splash --refresh C:/Users/sandun/AppData/Local/Temp/alt9082_3496773502869938340.dir/0004_sopclgen/yysystem.v --quartus_dir="c:/altera/12.1/quartus" --sopc_perl="c:/altera/12.1/quartus/bin/perl" --sopc_lib_path="++c:/altera/12.1/quartus/../ip/altera/sopc_builder_ip+c:/altera/12.1/quartus/../ip/altera/nios2_ip"
Info: Finished elaborating classic module.
Executing: C:/altera/12.1/quartus//sopc_builder/bin/sopc_builder --classic --generate C:/Users/sandun/AppData/Local/Temp/alt9082_3496773502869938340.dir/0004_sopclgen/yysystem.ptf
Info: Running sopc_builder...
      6 [main] sh 3368 find_fast_cwd: WARNING: Couldn't compute FAST_CWD pointer.  Please report this problem to
the public mailing list cygwin@cygwin.com
Qt: Untested Windows version 6.2 detected!
"c:/altera/12.1/quartus/bin/jre/bin/java.exe" -Xmx512M -classpath "c:/altera/12.1/quartus/sopc_builder/bin/sopc_builder.jar;c:/altera/12.1/quartus/sopc_builder/bin/PinAssigner.jar;c:/altera/12.1/quartus/sopc_builder/bin/sopc_wizard.jar;c:/altera/12.1/quartus/sopc_builder/bin/jptf.jar" sopc_builder.sopc_builder  -d"c:/altera/12.1/quartus/sopc_builder" -notalkback=1 -projectnameyysystem.qpf -projectpathC:/Users/sandun/AppData/Local/Temp/alt9082_3496773502869938340.dir/0004_sopclgen  --generate C:/Users/sandun/AppData/Local/Temp/alt9082_3496773502869938340.dir/0004_sopclgen/yysystem.v --quartus_dir="c:/altera/12.1/quartus" --sopc_perl="c:/altera/12.1/quartus/bin/perl" --sopc_lib_path="++c:/altera/12.1/quartus/../ip/altera/sopc_builder_ip+c:/altera/12.1/quartus/../ip/altera/nios2_ip"
No .sopc_builder configuration file(!)
.
# 2022.04.01 01:10:08 (*) Success: sopc_builder finished.
Info: jtag_uart0: "MPSoC" instantiated altera_avalon_jtag_uart "jtag_uart0"
Info: Starting classic module elaboration.
      2 [main] sh 3192 find_fast_cwd: WARNING: Couldn't compute FAST_CWD pointer.  Please report this problem to
the public mailing list cygwin@cygwin.com
Qt: Untested Windows version 6.2 detected!
"c:/altera/12.1/quartus/bin/jre/bin/java.exe" -Xmx512M -classpath "c:/altera/12.1/quartus/sopc_builder/bin/sopc_builder.jar;c:/altera/12.1/quartus/sopc_builder/bin/PinAssigner.jar;c:/altera/12.1/quartus/sopc_builder/bin/sopc_wizard.jar;c:/altera/12.1/quartus/sopc_builder/bin/jptf.jar" sopc_builder.sopc_builder  -d"c:/altera/12.1/quartus/sopc_builder" -notalkback=1 -projectnameyysystem.qpf -projectpathC:/Users/sandun/AppData/Local/Temp/alt9082_3496773502869938340.dir/0005_sopclgen  --no_splash --refresh C:/Users/sandun/AppData/Local/Temp/alt9082_3496773502869938340.dir/0005_sopclgen/yysystem.v --quartus_dir="c:/altera/12.1/quartus" --sopc_perl="c:/altera/12.1/quartus/bin/perl" --sopc_lib_path="++c:/altera/12.1/quartus/../ip/altera/sopc_builder_ip+c:/altera/12.1/quartus/../ip/altera/nios2_ip"
Info: Finished elaborating classic module.
Executing: C:/altera/12.1/quartus//sopc_builder/bin/sopc_builder --classic --generate C:/Users/sandun/AppData/Local/Temp/alt9082_3496773502869938340.dir/0005_sopclgen/yysystem.ptf
Info: Running sopc_builder...
      5 [main] sh 11180 find_fast_cwd: WARNING: Couldn't compute FAST_CWD pointer.  Please report this problem to
the public mailing list cygwin@cygwin.com
Qt: Untested Windows version 6.2 detected!
"c:/altera/12.1/quartus/bin/jre/bin/java.exe" -Xmx512M -classpath "c:/altera/12.1/quartus/sopc_builder/bin/sopc_builder.jar;c:/altera/12.1/quartus/sopc_builder/bin/PinAssigner.jar;c:/altera/12.1/quartus/sopc_builder/bin/sopc_wizard.jar;c:/altera/12.1/quartus/sopc_builder/bin/jptf.jar" sopc_builder.sopc_builder  -d"c:/altera/12.1/quartus/sopc_builder" -notalkback=1 -projectnameyysystem.qpf -projectpathC:/Users/sandun/AppData/Local/Temp/alt9082_3496773502869938340.dir/0005_sopclgen  --generate C:/Users/sandun/AppData/Local/Temp/alt9082_3496773502869938340.dir/0005_sopclgen/yysystem.v --quartus_dir="c:/altera/12.1/quartus" --sopc_perl="c:/altera/12.1/quartus/bin/perl" --sopc_lib_path="++c:/altera/12.1/quartus/../ip/altera/sopc_builder_ip+c:/altera/12.1/quartus/../ip/altera/nios2_ip"
No .sopc_builder configuration file(!)
.
# 2022.04.01 01:10:23 (*) Success: sopc_builder finished.
Info: onchip_mem0: "MPSoC" instantiated altera_avalon_onchip_memory2 "onchip_mem0"
Info: Starting classic module elaboration.
      2 [main] sh 1840 find_fast_cwd: WARNING: Couldn't compute FAST_CWD pointer.  Please report this problem to
the public mailing list cygwin@cygwin.com
Qt: Untested Windows version 6.2 detected!
"c:/altera/12.1/quartus/bin/jre/bin/java.exe" -Xmx512M -classpath "c:/altera/12.1/quartus/sopc_builder/bin/sopc_builder.jar;c:/altera/12.1/quartus/sopc_builder/bin/PinAssigner.jar;c:/altera/12.1/quartus/sopc_builder/bin/sopc_wizard.jar;c:/altera/12.1/quartus/sopc_builder/bin/jptf.jar" sopc_builder.sopc_builder  -d"c:/altera/12.1/quartus/sopc_builder" -notalkback=1 -projectnameyysystem.qpf -projectpathC:/Users/sandun/AppData/Local/Temp/alt9082_3496773502869938340.dir/0006_sopclgen  --no_splash --refresh C:/Users/sandun/AppData/Local/Temp/alt9082_3496773502869938340.dir/0006_sopclgen/yysystem.v --quartus_dir="c:/altera/12.1/quartus" --sopc_perl="c:/altera/12.1/quartus/bin/perl" --sopc_lib_path="++c:/altera/12.1/quartus/../ip/altera/sopc_builder_ip+c:/altera/12.1/quartus/../ip/altera/nios2_ip"
Info: Finished elaborating classic module.
Executing: C:/altera/12.1/quartus//sopc_builder/bin/sopc_builder --classic --generate C:/Users/sandun/AppData/Local/Temp/alt9082_3496773502869938340.dir/0006_sopclgen/yysystem.ptf
Info: Running sopc_builder...
      5 [main] sh 4396 find_fast_cwd: WARNING: Couldn't compute FAST_CWD pointer.  Please report this problem to
the public mailing list cygwin@cygwin.com
Qt: Untested Windows version 6.2 detected!
"c:/altera/12.1/quartus/bin/jre/bin/java.exe" -Xmx512M -classpath "c:/altera/12.1/quartus/sopc_builder/bin/sopc_builder.jar;c:/altera/12.1/quartus/sopc_builder/bin/PinAssigner.jar;c:/altera/12.1/quartus/sopc_builder/bin/sopc_wizard.jar;c:/altera/12.1/quartus/sopc_builder/bin/jptf.jar" sopc_builder.sopc_builder  -d"c:/altera/12.1/quartus/sopc_builder" -notalkback=1 -projectnameyysystem.qpf -projectpathC:/Users/sandun/AppData/Local/Temp/alt9082_3496773502869938340.dir/0006_sopclgen  --generate C:/Users/sandun/AppData/Local/Temp/alt9082_3496773502869938340.dir/0006_sopclgen/yysystem.v --quartus_dir="c:/altera/12.1/quartus" --sopc_perl="c:/altera/12.1/quartus/bin/perl" --sopc_lib_path="++c:/altera/12.1/quartus/../ip/altera/sopc_builder_ip+c:/altera/12.1/quartus/../ip/altera/nios2_ip"
No .sopc_builder configuration file(!)
.
# 2022.04.01 01:10:37 (*) Success: sopc_builder finished.
Info: onchip_mem1: "MPSoC" instantiated altera_avalon_onchip_memory2 "onchip_mem1"
Info: Starting classic module elaboration.
      2 [main] sh 1260 find_fast_cwd: WARNING: Couldn't compute FAST_CWD pointer.  Please report this problem to
the public mailing list cygwin@cygwin.com
Qt: Untested Windows version 6.2 detected!
"c:/altera/12.1/quartus/bin/jre/bin/java.exe" -Xmx512M -classpath "c:/altera/12.1/quartus/sopc_builder/bin/sopc_builder.jar;c:/altera/12.1/quartus/sopc_builder/bin/PinAssigner.jar;c:/altera/12.1/quartus/sopc_builder/bin/sopc_wizard.jar;c:/altera/12.1/quartus/sopc_builder/bin/jptf.jar" sopc_builder.sopc_builder  -d"c:/altera/12.1/quartus/sopc_builder" -notalkback=1 -projectnameyysystem.qpf -projectpathC:/Users/sandun/AppData/Local/Temp/alt9082_3496773502869938340.dir/0007_sopclgen  --no_splash --refresh C:/Users/sandun/AppData/Local/Temp/alt9082_3496773502869938340.dir/0007_sopclgen/yysystem.v --quartus_dir="c:/altera/12.1/quartus" --sopc_perl="c:/altera/12.1/quartus/bin/perl" --sopc_lib_path="++c:/altera/12.1/quartus/../ip/altera/sopc_builder_ip+c:/altera/12.1/quartus/../ip/altera/nios2_ip"
Info: Finished elaborating classic module.
Executing: C:/altera/12.1/quartus//sopc_builder/bin/sopc_builder --classic --generate C:/Users/sandun/AppData/Local/Temp/alt9082_3496773502869938340.dir/0007_sopclgen/yysystem.ptf
Info: Running sopc_builder...
      5 [main] sh 7516 find_fast_cwd: WARNING: Couldn't compute FAST_CWD pointer.  Please report this problem to
the public mailing list cygwin@cygwin.com
Qt: Untested Windows version 6.2 detected!
"c:/altera/12.1/quartus/bin/jre/bin/java.exe" -Xmx512M -classpath "c:/altera/12.1/quartus/sopc_builder/bin/sopc_builder.jar;c:/altera/12.1/quartus/sopc_builder/bin/PinAssigner.jar;c:/altera/12.1/quartus/sopc_builder/bin/sopc_wizard.jar;c:/altera/12.1/quartus/sopc_builder/bin/jptf.jar" sopc_builder.sopc_builder  -d"c:/altera/12.1/quartus/sopc_builder" -notalkback=1 -projectnameyysystem.qpf -projectpathC:/Users/sandun/AppData/Local/Temp/alt9082_3496773502869938340.dir/0007_sopclgen  --generate C:/Users/sandun/AppData/Local/Temp/alt9082_3496773502869938340.dir/0007_sopclgen/yysystem.v --quartus_dir="c:/altera/12.1/quartus" --sopc_perl="c:/altera/12.1/quartus/bin/perl" --sopc_lib_path="++c:/altera/12.1/quartus/../ip/altera/sopc_builder_ip+c:/altera/12.1/quartus/../ip/altera/nios2_ip"
No .sopc_builder configuration file(!)
.
# 2022.04.01 01:10:52 (*) Success: sopc_builder finished.
Info: onchip_memdata0: "MPSoC" instantiated altera_avalon_onchip_memory2 "onchip_memdata0"
Info: sysid: "MPSoC" instantiated altera_avalon_sysid_qsys "sysid"
Info: Starting classic module elaboration.
      4 [main] sh 19868 find_fast_cwd: WARNING: Couldn't compute FAST_CWD pointer.  Please report this problem to
the public mailing list cygwin@cygwin.com
Qt: Untested Windows version 6.2 detected!
"c:/altera/12.1/quartus/bin/jre/bin/java.exe" -Xmx512M -classpath "c:/altera/12.1/quartus/sopc_builder/bin/sopc_builder.jar;c:/altera/12.1/quartus/sopc_builder/bin/PinAssigner.jar;c:/altera/12.1/quartus/sopc_builder/bin/sopc_wizard.jar;c:/altera/12.1/quartus/sopc_builder/bin/jptf.jar" sopc_builder.sopc_builder  -d"c:/altera/12.1/quartus/sopc_builder" -notalkback=1 -projectnameyysystem.qpf -projectpathC:/Users/sandun/AppData/Local/Temp/alt9082_3496773502869938340.dir/0009_sopclgen  --no_splash --refresh C:/Users/sandun/AppData/Local/Temp/alt9082_3496773502869938340.dir/0009_sopclgen/yysystem.v --quartus_dir="c:/altera/12.1/quartus" --sopc_perl="c:/altera/12.1/quartus/bin/perl" --sopc_lib_path="++c:/altera/12.1/quartus/../ip/altera/sopc_builder_ip+c:/altera/12.1/quartus/../ip/altera/nios2_ip"
Info: Finished elaborating classic module.
Executing: C:/altera/12.1/quartus//sopc_builder/bin/sopc_builder --classic --generate C:/Users/sandun/AppData/Local/Temp/alt9082_3496773502869938340.dir/0009_sopclgen/yysystem.ptf
Info: Running sopc_builder...
      5 [main] sh 12240 find_fast_cwd: WARNING: Couldn't compute FAST_CWD pointer.  Please report this problem to
the public mailing list cygwin@cygwin.com
Qt: Untested Windows version 6.2 detected!
"c:/altera/12.1/quartus/bin/jre/bin/java.exe" -Xmx512M -classpath "c:/altera/12.1/quartus/sopc_builder/bin/sopc_builder.jar;c:/altera/12.1/quartus/sopc_builder/bin/PinAssigner.jar;c:/altera/12.1/quartus/sopc_builder/bin/sopc_wizard.jar;c:/altera/12.1/quartus/sopc_builder/bin/jptf.jar" sopc_builder.sopc_builder  -d"c:/altera/12.1/quartus/sopc_builder" -notalkback=1 -projectnameyysystem.qpf -projectpathC:/Users/sandun/AppData/Local/Temp/alt9082_3496773502869938340.dir/0009_sopclgen  --generate C:/Users/sandun/AppData/Local/Temp/alt9082_3496773502869938340.dir/0009_sopclgen/yysystem.v --quartus_dir="c:/altera/12.1/quartus" --sopc_perl="c:/altera/12.1/quartus/bin/perl" --sopc_lib_path="++c:/altera/12.1/quartus/../ip/altera/sopc_builder_ip+c:/altera/12.1/quartus/../ip/altera/nios2_ip"
No .sopc_builder configuration file(!)
.
# 2022.04.01 01:11:06 (*) Success: sopc_builder finished.
Info: onchip_memdata1: "MPSoC" instantiated altera_avalon_onchip_memory2 "onchip_memdata1"
Info: Starting classic module elaboration.
      3 [main] sh 12412 find_fast_cwd: WARNING: Couldn't compute FAST_CWD pointer.  Please report this problem to
the public mailing list cygwin@cygwin.com
Qt: Untested Windows version 6.2 detected!
"c:/altera/12.1/quartus/bin/jre/bin/java.exe" -Xmx512M -classpath "c:/altera/12.1/quartus/sopc_builder/bin/sopc_builder.jar;c:/altera/12.1/quartus/sopc_builder/bin/PinAssigner.jar;c:/altera/12.1/quartus/sopc_builder/bin/sopc_wizard.jar;c:/altera/12.1/quartus/sopc_builder/bin/jptf.jar" sopc_builder.sopc_builder  -d"c:/altera/12.1/quartus/sopc_builder" -notalkback=1 -projectnameyysystem.qpf -projectpathC:/Users/sandun/AppData/Local/Temp/alt9082_3496773502869938340.dir/0010_sopclgen  --no_splash --refresh C:/Users/sandun/AppData/Local/Temp/alt9082_3496773502869938340.dir/0010_sopclgen/yysystem.v --quartus_dir="c:/altera/12.1/quartus" --sopc_perl="c:/altera/12.1/quartus/bin/perl" --sopc_lib_path="++c:/altera/12.1/quartus/../ip/altera/sopc_builder_ip+c:/altera/12.1/quartus/../ip/altera/nios2_ip"
Info: Finished elaborating classic module.
Executing: C:/altera/12.1/quartus//sopc_builder/bin/sopc_builder --classic --generate C:/Users/sandun/AppData/Local/Temp/alt9082_3496773502869938340.dir/0010_sopclgen/yysystem.ptf
Info: Running sopc_builder...
      3 [main] sh 20292 find_fast_cwd: WARNING: Couldn't compute FAST_CWD pointer.  Please report this problem to
the public mailing list cygwin@cygwin.com
Qt: Untested Windows version 6.2 detected!
"c:/altera/12.1/quartus/bin/jre/bin/java.exe" -Xmx512M -classpath "c:/altera/12.1/quartus/sopc_builder/bin/sopc_builder.jar;c:/altera/12.1/quartus/sopc_builder/bin/PinAssigner.jar;c:/altera/12.1/quartus/sopc_builder/bin/sopc_wizard.jar;c:/altera/12.1/quartus/sopc_builder/bin/jptf.jar" sopc_builder.sopc_builder  -d"c:/altera/12.1/quartus/sopc_builder" -notalkback=1 -projectnameyysystem.qpf -projectpathC:/Users/sandun/AppData/Local/Temp/alt9082_3496773502869938340.dir/0010_sopclgen  --generate C:/Users/sandun/AppData/Local/Temp/alt9082_3496773502869938340.dir/0010_sopclgen/yysystem.v --quartus_dir="c:/altera/12.1/quartus" --sopc_perl="c:/altera/12.1/quartus/bin/perl" --sopc_lib_path="++c:/altera/12.1/quartus/../ip/altera/sopc_builder_ip+c:/altera/12.1/quartus/../ip/altera/nios2_ip"
No .sopc_builder configuration file(!)
.
# 2022.04.01 01:11:21 (*) Success: sopc_builder finished.
Info: onchip_sharedmem: "MPSoC" instantiated altera_avalon_onchip_memory2 "onchip_sharedmem"
Info: cpu1_instruction_master_translator: "MPSoC" instantiated altera_merlin_master_translator "cpu1_instruction_master_translator"
Info: cpu1_jtag_debug_module_translator: "MPSoC" instantiated altera_merlin_slave_translator "cpu1_jtag_debug_module_translator"
Info: cpu1_instruction_master_translator_avalon_universal_master_0_agent: "MPSoC" instantiated altera_merlin_master_agent "cpu1_instruction_master_translator_avalon_universal_master_0_agent"
Info: cpu1_jtag_debug_module_translator_avalon_universal_slave_0_agent: "MPSoC" instantiated altera_merlin_slave_agent "cpu1_jtag_debug_module_translator_avalon_universal_slave_0_agent"
Info: cpu1_jtag_debug_module_translator_avalon_universal_slave_0_agent_rsp_fifo: "MPSoC" instantiated altera_avalon_sc_fifo "cpu1_jtag_debug_module_translator_avalon_universal_slave_0_agent_rsp_fifo"
Info: addr_router: "MPSoC" instantiated altera_merlin_router "addr_router"
Info: addr_router_001: "MPSoC" instantiated altera_merlin_router "addr_router_001"
Info: addr_router_002: "MPSoC" instantiated altera_merlin_router "addr_router_002"
Info: addr_router_003: "MPSoC" instantiated altera_merlin_router "addr_router_003"
Info: id_router: "MPSoC" instantiated altera_merlin_router "id_router"
Info: id_router_003: "MPSoC" instantiated altera_merlin_router "id_router_003"
Info: id_router_004: "MPSoC" instantiated altera_merlin_router "id_router_004"
Info: id_router_005: "MPSoC" instantiated altera_merlin_router "id_router_005"
Info: id_router_007: "MPSoC" instantiated altera_merlin_router "id_router_007"
Info: id_router_010: "MPSoC" instantiated altera_merlin_router "id_router_010"
Info: limiter: "MPSoC" instantiated altera_merlin_traffic_limiter "limiter"
Info: rst_controller: "MPSoC" instantiated altera_reset_controller "rst_controller"
Info: cmd_xbar_demux: "MPSoC" instantiated altera_merlin_demultiplexer "cmd_xbar_demux"
Info: cmd_xbar_demux_001: "MPSoC" instantiated altera_merlin_demultiplexer "cmd_xbar_demux_001"
Info: cmd_xbar_mux: "MPSoC" instantiated altera_merlin_multiplexer "cmd_xbar_mux"
Info: cmd_xbar_mux_003: "MPSoC" instantiated altera_merlin_multiplexer "cmd_xbar_mux_003"
Info: Reusing file E:/Semester_06/CO503_Advanced_Embedded_Systems/Practicals/Practical_3_MPSoC_Design/MPSoC/MPSoC/synthesis/submodules/altera_merlin_arbitrator.sv
Info: rsp_xbar_demux: "MPSoC" instantiated altera_merlin_demultiplexer "rsp_xbar_demux"
Info: rsp_xbar_demux_003: "MPSoC" instantiated altera_merlin_demultiplexer "rsp_xbar_demux_003"
Info: rsp_xbar_demux_005: "MPSoC" instantiated altera_merlin_demultiplexer "rsp_xbar_demux_005"
Info: rsp_xbar_mux: "MPSoC" instantiated altera_merlin_multiplexer "rsp_xbar_mux"
Info: Reusing file E:/Semester_06/CO503_Advanced_Embedded_Systems/Practicals/Practical_3_MPSoC_Design/MPSoC/MPSoC/synthesis/submodules/altera_merlin_arbitrator.sv
Info: rsp_xbar_mux_001: "MPSoC" instantiated altera_merlin_multiplexer "rsp_xbar_mux_001"
Info: Reusing file E:/Semester_06/CO503_Advanced_Embedded_Systems/Practicals/Practical_3_MPSoC_Design/MPSoC/MPSoC/synthesis/submodules/altera_merlin_arbitrator.sv
Info: irq_mapper: "MPSoC" instantiated altera_irq_mapper "irq_mapper"
Info: MPSoC: Done MPSoC" with 38 modules, 173 files, 4341058 bytes
Info: ip-generate succeeded.
Info: Finished: Create HDL design files for synthesis
